{
  "RSpec": {
    "coverage": {
      "/Users/mattanderson/Desktop/repos/ruby/chess/spec/board_spec.rb": {
        "lines": [
          null,
          null,
          1,
          null,
          1,
          15,
          null,
          1,
          1,
          3,
          null,
          null,
          1,
          1,
          null,
          null,
          1,
          1,
          null,
          null,
          1,
          1,
          null,
          null,
          null,
          1,
          4,
          4,
          4,
          4,
          null,
          1,
          3,
          3,
          3,
          null,
          null,
          1,
          1,
          null,
          null,
          1,
          1,
          null,
          null,
          1,
          1,
          null,
          null,
          null,
          1,
          1,
          2,
          2,
          1,
          1,
          null,
          null,
          1,
          1,
          null,
          null,
          1,
          1,
          null,
          null,
          null,
          1,
          2,
          1,
          1,
          null,
          1,
          1,
          null,
          null,
          1,
          1,
          null,
          null,
          1,
          1,
          null,
          1,
          null,
          null,
          null,
          1,
          2,
          1,
          1,
          null,
          null,
          null,
          1,
          1,
          1,
          null,
          null,
          null,
          null,
          1,
          7,
          7,
          null,
          1,
          2,
          2,
          null,
          1,
          1,
          null,
          1,
          null,
          null,
          null,
          1,
          2,
          null,
          1,
          1,
          null,
          1,
          null,
          null,
          null,
          1,
          2,
          null,
          1,
          1,
          null,
          1,
          null,
          null,
          null,
          1,
          2,
          null,
          1,
          1,
          null,
          1,
          null,
          null,
          null,
          1,
          2,
          2,
          null,
          1,
          1,
          null,
          1,
          null,
          null,
          null,
          1,
          2,
          2,
          2,
          null,
          1,
          1,
          null,
          null,
          1,
          null,
          null,
          null,
          null,
          1,
          4,
          null,
          1,
          1,
          4,
          1,
          null,
          null,
          1,
          1,
          4,
          1,
          null,
          null,
          1,
          1,
          3,
          1,
          null,
          null,
          null
        ]
      },
      "/Users/mattanderson/Desktop/repos/ruby/chess/lib/library.rb": {
        "lines": [
          null,
          null,
          1,
          1,
          1,
          1,
          1,
          1,
          1,
          1,
          1,
          1,
          1,
          1,
          1,
          1,
          1,
          1,
          1
        ]
      },
      "/Users/mattanderson/Desktop/repos/ruby/chess/lib/game.rb": {
        "lines": [
          null,
          null,
          1,
          1,
          null,
          null,
          null,
          1,
          1,
          null,
          1,
          0,
          null,
          0,
          null,
          0,
          null,
          0,
          0,
          0,
          0,
          null,
          null,
          1,
          0,
          0,
          0,
          null,
          null,
          1,
          0,
          0,
          null,
          0,
          null,
          0,
          null,
          0,
          null,
          null,
          0,
          null,
          null,
          1,
          0,
          0,
          0,
          0,
          0,
          0,
          null,
          null,
          null,
          1,
          0,
          null,
          null,
          null,
          null,
          1,
          0,
          null,
          null,
          1,
          0,
          0,
          0,
          0,
          null,
          0,
          null,
          0,
          null,
          null,
          1,
          0,
          0,
          null,
          null,
          1,
          null,
          1,
          0,
          0,
          0,
          0,
          0,
          null,
          null,
          1,
          0,
          0,
          0,
          0,
          0,
          null,
          null
        ]
      },
      "/Users/mattanderson/Desktop/repos/ruby/chess/lib/player.rb": {
        "lines": [
          null,
          null,
          1,
          null,
          null,
          null,
          null,
          1,
          1,
          1,
          null,
          1,
          0,
          0,
          0,
          0,
          null,
          null,
          1,
          0,
          0,
          0,
          0,
          0,
          0,
          null,
          0,
          null,
          null,
          null,
          1,
          0,
          0,
          0,
          0,
          0,
          null,
          null,
          1,
          0,
          null,
          0,
          null,
          0,
          null,
          null,
          null,
          1,
          0,
          0,
          0,
          0,
          0,
          0,
          null,
          null,
          null,
          1,
          0,
          0,
          0,
          0,
          0,
          0,
          0,
          0,
          0,
          null,
          0,
          null,
          null,
          null,
          1,
          0,
          null,
          null,
          1,
          0,
          0,
          null,
          null,
          1,
          0,
          null,
          null,
          1,
          0,
          null,
          null,
          1,
          0,
          null,
          null,
          1,
          0,
          0,
          0,
          null,
          0,
          null,
          null,
          1,
          0,
          0,
          0,
          null,
          0,
          null,
          null,
          1,
          0,
          null,
          null,
          1,
          0,
          0,
          0,
          0,
          null,
          0,
          0,
          null,
          null,
          null
        ]
      },
      "/Users/mattanderson/Desktop/repos/ruby/chess/lib/board.rb": {
        "lines": [
          null,
          null,
          1,
          1,
          null,
          null,
          null,
          1,
          1,
          1,
          null,
          1,
          95,
          95,
          95,
          95,
          95,
          95,
          null,
          null,
          null,
          null,
          null,
          1,
          95,
          760,
          6080,
          6080,
          null,
          null,
          null,
          null,
          null,
          1,
          14174,
          467948,
          null,
          14174,
          null,
          null,
          1,
          6,
          6,
          36,
          36,
          null,
          null,
          null,
          1,
          5,
          5,
          22,
          null,
          null,
          null,
          null,
          null,
          1,
          8,
          6,
          null,
          null,
          null,
          null,
          null,
          null,
          1,
          6,
          null,
          2,
          null,
          12,
          12,
          3,
          null,
          null,
          null,
          1,
          2,
          7,
          2,
          null,
          null,
          null,
          1,
          453,
          453,
          453,
          null,
          null,
          null,
          null,
          1,
          8,
          8,
          64,
          4160,
          64,
          576,
          64,
          null,
          8,
          null,
          null,
          1,
          8,
          null,
          null,
          null,
          1,
          0,
          null,
          null,
          1,
          null,
          1,
          10,
          2,
          null,
          1,
          null,
          null,
          null
        ]
      },
      "/Users/mattanderson/Desktop/repos/ruby/chess/lib/pieces/piece.rb": {
        "lines": [
          null,
          null,
          1,
          null,
          null,
          null,
          null,
          null,
          1,
          1,
          null,
          1,
          403,
          403,
          403,
          403,
          403,
          403,
          403,
          403,
          null,
          null,
          1,
          38,
          100,
          100,
          null,
          null,
          null,
          1,
          38,
          99,
          99,
          null,
          null,
          null,
          1,
          509,
          null,
          509,
          null,
          null,
          null,
          null,
          null,
          null,
          null,
          null,
          1,
          453,
          null,
          453,
          453,
          453,
          null,
          null,
          453,
          null,
          null,
          null,
          null,
          null,
          null,
          null,
          1,
          35,
          140,
          596,
          354,
          354,
          354,
          354,
          null,
          316,
          null,
          null,
          null,
          null,
          1,
          471,
          471,
          471,
          471,
          471,
          471,
          null,
          null,
          1,
          471,
          471,
          null,
          null,
          1,
          null,
          1,
          27,
          27,
          27,
          27,
          null,
          null,
          1,
          453,
          453,
          null,
          null,
          1,
          1359,
          3168,
          null,
          null,
          null
        ]
      },
      "/Users/mattanderson/Desktop/repos/ruby/chess/lib/pieces/pawn.rb": {
        "lines": [
          null,
          null,
          1,
          null,
          null,
          null,
          1,
          1,
          null,
          1,
          null,
          null,
          null,
          null,
          1,
          113,
          113,
          null,
          null,
          1,
          128,
          null,
          null,
          null,
          null,
          null,
          null,
          1,
          13,
          13,
          13,
          13,
          null,
          null,
          1,
          13,
          13,
          null,
          11,
          11,
          null,
          null,
          1,
          11,
          11,
          11,
          null,
          8,
          null,
          null,
          1,
          13,
          13,
          13,
          13,
          null,
          null,
          0,
          null,
          null,
          1,
          13,
          13,
          13,
          13,
          null,
          null,
          2,
          null,
          null,
          1,
          25,
          null,
          25,
          null,
          null,
          null,
          1,
          2,
          2,
          2,
          null,
          null,
          1,
          0,
          0,
          0,
          0,
          0,
          null,
          null,
          null,
          null,
          null,
          null,
          1,
          24,
          null,
          24,
          null,
          null
        ]
      },
      "/Users/mattanderson/Desktop/repos/ruby/chess/lib/pieces/rook.rb": {
        "lines": [
          null,
          null,
          1,
          null,
          null,
          1,
          1,
          null,
          null,
          1,
          32,
          null,
          null,
          null,
          null,
          null,
          1,
          13,
          13,
          13,
          13,
          null,
          null
        ]
      },
      "/Users/mattanderson/Desktop/repos/ruby/chess/lib/pieces/bishop.rb": {
        "lines": [
          null,
          null,
          1,
          null,
          null,
          1,
          1,
          null,
          null,
          1,
          32,
          null,
          null,
          null,
          null,
          1,
          6,
          6,
          6,
          null,
          null
        ]
      },
      "/Users/mattanderson/Desktop/repos/ruby/chess/lib/pieces/knight.rb": {
        "lines": [
          null,
          null,
          null,
          1,
          1,
          null,
          null,
          1,
          32,
          null,
          null,
          null,
          null,
          null,
          1,
          6,
          6,
          null,
          6,
          27,
          27,
          null,
          26,
          null,
          null
        ]
      },
      "/Users/mattanderson/Desktop/repos/ruby/chess/lib/pieces/queen.rb": {
        "lines": [
          null,
          null,
          null,
          1,
          1,
          null,
          null,
          1,
          16,
          null,
          null,
          null,
          1,
          8,
          8,
          8,
          8,
          8,
          8,
          null,
          null
        ]
      },
      "/Users/mattanderson/Desktop/repos/ruby/chess/lib/pieces/king.rb": {
        "lines": [
          null,
          null,
          1,
          null,
          null,
          null,
          null,
          1,
          1,
          null,
          1,
          16,
          null,
          null,
          1,
          16,
          16,
          16,
          16,
          null,
          null,
          1,
          16,
          null,
          16,
          128,
          128,
          null,
          77,
          null,
          null,
          1,
          2,
          2,
          null,
          null,
          null,
          null,
          1,
          2,
          2,
          2,
          2,
          2,
          null,
          null,
          1,
          2,
          2,
          2,
          2,
          2,
          null,
          null,
          1,
          null,
          1,
          null,
          32,
          16,
          null,
          16,
          null,
          32,
          null,
          4,
          null,
          null,
          1,
          32,
          16,
          null,
          16,
          null,
          null,
          null,
          null,
          1,
          32,
          32,
          null,
          32,
          null,
          null,
          null,
          null,
          null,
          1,
          4,
          10,
          null,
          null,
          1,
          4,
          null,
          null
        ]
      },
      "/Users/mattanderson/Desktop/repos/ruby/chess/lib/move_inputs/move_input.rb": {
        "lines": [
          null,
          null,
          1,
          null,
          null,
          null,
          null,
          null,
          1,
          1,
          null,
          1,
          13,
          13,
          13,
          13,
          13,
          13,
          13,
          13,
          null,
          null,
          1,
          10,
          null,
          null,
          52,
          null,
          null,
          1,
          9,
          9,
          null,
          null,
          null,
          1,
          0,
          null,
          null,
          1,
          19,
          16,
          null,
          null,
          null,
          19,
          null,
          15,
          null,
          null,
          1,
          14,
          14,
          null,
          null,
          1,
          18,
          null,
          6,
          null,
          null,
          1,
          49,
          49,
          null,
          null,
          1,
          null,
          1,
          13,
          null,
          null,
          1,
          18,
          18,
          null,
          null,
          1,
          14,
          null,
          3,
          null,
          3,
          null,
          7,
          null,
          0,
          null,
          1,
          null,
          0,
          null,
          null,
          null
        ]
      },
      "/Users/mattanderson/Desktop/repos/ruby/chess/lib/move_inputs/multi_piece_move_input.rb": {
        "lines": [
          null,
          null,
          1,
          null,
          null,
          null,
          1,
          1,
          5,
          5,
          5,
          5,
          null,
          null,
          1,
          7,
          null,
          1,
          null,
          null,
          1,
          5,
          5,
          5,
          null,
          null,
          1,
          8,
          8,
          null,
          2,
          2,
          null,
          2,
          null,
          null,
          1,
          null,
          1,
          2,
          4,
          0,
          4,
          4,
          null,
          0,
          0,
          null,
          null,
          null,
          null
        ]
      },
      "/Users/mattanderson/Desktop/repos/ruby/chess/lib/move_inputs/pawn_move_inputs.rb": {
        "lines": [
          1,
          null,
          null,
          null,
          null,
          1,
          1,
          null,
          1,
          1,
          1,
          null,
          null,
          1,
          8,
          null,
          null,
          null,
          null,
          null,
          null,
          null,
          1,
          1,
          null,
          1,
          1,
          1,
          1,
          1,
          null,
          null,
          1,
          10,
          null,
          null,
          1,
          0,
          null,
          null,
          null,
          null,
          null,
          null,
          1,
          1,
          1,
          1,
          null,
          null,
          1,
          6,
          6,
          null,
          null,
          1,
          0,
          0,
          null,
          null
        ]
      },
      "/Users/mattanderson/Desktop/repos/ruby/chess/lib/move_inputs/other_move_inputs.rb": {
        "lines": [
          null,
          null,
          1,
          null,
          null,
          null,
          1,
          1,
          1,
          null,
          null,
          1,
          1,
          null,
          null,
          null,
          null,
          null,
          null,
          1,
          1,
          0,
          0,
          0,
          0,
          0,
          0,
          0,
          null,
          null,
          1,
          3,
          3,
          null,
          null,
          1,
          0,
          0,
          null,
          null,
          null,
          null,
          null,
          null,
          1,
          1,
          2,
          2,
          2,
          null,
          null,
          1,
          5,
          2,
          null,
          0,
          null,
          null,
          null,
          null,
          null,
          null,
          null,
          1,
          1,
          2,
          2,
          2,
          null,
          null,
          1,
          3,
          3,
          null,
          null,
          1,
          null,
          null,
          null
        ]
      },
      "/Users/mattanderson/Desktop/repos/ruby/chess/lib/square.rb": {
        "lines": [
          null,
          null,
          1,
          null,
          null,
          null,
          1,
          1,
          1,
          null,
          1,
          6095,
          6095,
          6095,
          null,
          null,
          1,
          9959,
          null,
          null,
          1,
          0,
          null,
          0,
          null,
          null,
          1,
          10983,
          null,
          601,
          null,
          null,
          1,
          471,
          null,
          null,
          1,
          2,
          null,
          null,
          1,
          null,
          498,
          null,
          null,
          null,
          null,
          null,
          null,
          1,
          null,
          444,
          null,
          null,
          null,
          null,
          null,
          null,
          1,
          17,
          17,
          17,
          340,
          340,
          340,
          null,
          17,
          null,
          null,
          1,
          428,
          428,
          null,
          428,
          5136,
          null,
          null,
          1639,
          1639,
          null,
          428,
          null,
          null,
          1,
          512,
          512,
          256,
          null,
          256,
          null,
          null,
          null,
          1,
          null,
          1,
          3768,
          3768,
          3768,
          3768,
          10284,
          10284,
          10284,
          null,
          3768,
          null,
          null,
          1,
          5136,
          null,
          3424,
          3424,
          3424,
          null,
          null,
          null,
          null,
          null,
          1,
          1,
          1,
          null,
          1,
          291,
          291,
          291,
          null,
          null,
          1,
          null,
          null,
          null,
          1,
          null,
          null,
          null,
          1,
          0,
          null,
          null,
          1,
          0,
          null,
          null,
          1,
          0,
          null,
          null,
          1,
          0,
          null,
          null
        ]
      },
      "/Users/mattanderson/Desktop/repos/ruby/chess/lib/pieces/check_detector.rb": {
        "lines": [
          null,
          null,
          1,
          null,
          null,
          null,
          1,
          1,
          473,
          473,
          473,
          473,
          null,
          null,
          null,
          1,
          473,
          1805,
          8811,
          5659,
          5659,
          null,
          5612,
          null,
          5201,
          null,
          null,
          426,
          null,
          null,
          1,
          426,
          1696,
          6375,
          3034,
          3034,
          3030,
          null,
          2983,
          null,
          null,
          422,
          null,
          null,
          1,
          422,
          422,
          422,
          422,
          null,
          null,
          1,
          421,
          1603,
          1603,
          null,
          null,
          null,
          1,
          5659,
          246,
          null,
          null,
          null,
          1,
          3034,
          5,
          null,
          null,
          null,
          1,
          844,
          null,
          null,
          null,
          1,
          1603,
          null,
          null,
          null
        ]
      },
      "/Users/mattanderson/Desktop/repos/ruby/chess/lib/save_game.rb": {
        "lines": [
          null,
          null,
          null,
          1,
          null,
          null,
          null,
          1,
          0,
          0,
          0,
          0,
          0,
          0,
          0,
          null,
          null,
          1,
          0,
          null,
          0,
          null,
          null,
          1,
          0,
          null,
          null,
          1,
          0,
          0,
          0,
          0,
          0,
          0,
          null,
          null,
          1,
          0,
          0,
          0,
          0,
          0,
          0,
          null,
          null
        ]
      },
      "/Users/mattanderson/Desktop/repos/ruby/chess/spec/move_inputs_spec/move_input_spec.rb": {
        "lines": [
          1,
          null,
          1,
          1,
          11,
          null,
          1,
          1,
          null,
          null,
          1,
          1,
          null,
          null,
          1,
          1,
          null,
          null,
          1,
          1,
          null,
          null,
          1,
          1,
          null,
          null,
          1,
          1,
          null,
          null,
          1,
          1,
          null,
          null,
          1,
          1,
          null,
          null,
          1,
          1,
          null,
          null,
          1,
          1,
          null,
          null,
          null,
          1,
          4,
          4,
          null,
          1,
          2,
          null,
          null,
          1,
          1,
          1,
          null,
          null,
          1,
          1,
          null,
          null,
          null,
          1,
          2,
          null,
          2,
          null,
          null,
          1,
          1,
          1,
          1,
          null,
          null,
          1,
          1,
          null,
          null,
          null,
          1,
          2,
          null,
          null,
          1,
          1,
          1,
          1,
          null,
          null,
          1,
          1,
          null,
          null,
          null,
          null
        ]
      },
      "/Users/mattanderson/Desktop/repos/ruby/chess/spec/move_inputs_spec/multi_piece_move_input_spec.rb": {
        "lines": [
          1,
          null,
          1,
          1,
          4,
          4,
          null,
          1,
          2,
          null,
          null,
          1,
          1,
          1,
          1,
          null,
          null,
          1,
          1,
          null,
          null,
          null,
          1,
          2,
          null,
          2,
          null,
          null,
          null,
          1,
          1,
          1,
          1,
          null,
          null,
          1,
          1,
          null,
          null,
          null,
          1,
          2,
          null,
          null,
          1,
          1,
          1,
          1,
          null,
          null,
          1,
          1,
          null,
          null,
          null,
          null,
          null
        ]
      },
      "/Users/mattanderson/Desktop/repos/ruby/chess/spec/pieces_spec/bishop_spec.rb": {
        "lines": [
          null,
          null,
          1,
          null,
          1,
          7,
          null,
          1,
          1,
          6,
          6,
          6,
          null,
          null,
          1,
          2,
          2,
          null,
          1,
          1,
          1,
          null,
          null,
          null,
          null,
          null,
          1,
          1,
          1,
          null,
          null,
          null,
          null,
          null,
          1,
          4,
          null,
          1,
          3,
          3,
          3,
          null,
          null,
          1,
          1,
          null,
          null,
          1,
          1,
          null,
          null,
          1,
          1,
          null,
          null,
          null,
          1,
          2,
          null,
          1,
          1,
          1,
          1,
          1,
          null,
          1,
          null,
          null,
          1,
          1,
          null,
          null,
          null,
          null
        ]
      },
      "/Users/mattanderson/Desktop/repos/ruby/chess/spec/pieces_spec/check_detector_spec.rb": {
        "lines": [
          1,
          null,
          1,
          1,
          6,
          6,
          null,
          1,
          1,
          1,
          null,
          null,
          1,
          1,
          1,
          null,
          null,
          1,
          1,
          1,
          null,
          null,
          1,
          1,
          1,
          null,
          null,
          1,
          1,
          null,
          null,
          null,
          null
        ]
      },
      "/Users/mattanderson/Desktop/repos/ruby/chess/spec/pieces_spec/king_spec.rb": {
        "lines": [
          null,
          null,
          1,
          null,
          1,
          14,
          null,
          1,
          1,
          3,
          3,
          null,
          1,
          2,
          null,
          null,
          1,
          1,
          1,
          null,
          null,
          null,
          null,
          1,
          1,
          1,
          null,
          null,
          null,
          null,
          null,
          1,
          4,
          null,
          1,
          3,
          3,
          3,
          3,
          null,
          null,
          1,
          1,
          null,
          null,
          1,
          1,
          null,
          null,
          1,
          1,
          null,
          null,
          null,
          1,
          3,
          null,
          1,
          2,
          2,
          2,
          2,
          null,
          null,
          1,
          1,
          null,
          null,
          1,
          1,
          null,
          null,
          null,
          null,
          1,
          3,
          null,
          1,
          1,
          1,
          1,
          1,
          1,
          1,
          1,
          null,
          1,
          null,
          null,
          1,
          1,
          null,
          null,
          null,
          1,
          1,
          1,
          1,
          1,
          1,
          1,
          null,
          null,
          1,
          1,
          null,
          null,
          null,
          null,
          1,
          3,
          null,
          1,
          1,
          1,
          1,
          null,
          null,
          1,
          1,
          1,
          1,
          null,
          null,
          null,
          1,
          3,
          null,
          1,
          1,
          1,
          1,
          null,
          null,
          1,
          1,
          1,
          1,
          null,
          null,
          null
        ]
      },
      "/Users/mattanderson/Desktop/repos/ruby/chess/spec/pieces_spec/knight_spec.rb": {
        "lines": [
          null,
          null,
          1,
          null,
          1,
          7,
          null,
          1,
          1,
          6,
          6,
          6,
          null,
          null,
          1,
          2,
          2,
          null,
          1,
          1,
          1,
          null,
          null,
          null,
          null,
          1,
          1,
          1,
          null,
          null,
          null,
          null,
          null,
          1,
          4,
          null,
          1,
          3,
          3,
          3,
          3,
          3,
          3,
          null,
          null,
          1,
          1,
          null,
          null,
          1,
          1,
          null,
          null,
          1,
          1,
          null,
          null,
          null,
          1,
          2,
          null,
          1,
          1,
          1,
          1,
          1,
          1,
          null,
          null,
          null,
          null
        ]
      },
      "/Users/mattanderson/Desktop/repos/ruby/chess/spec/pieces_spec/pawn_spec.rb": {
        "lines": [
          null,
          null,
          1,
          null,
          1,
          9,
          null,
          1,
          5,
          null,
          1,
          6,
          6,
          6,
          null,
          null,
          1,
          1,
          null,
          null,
          1,
          1,
          1,
          null,
          1,
          null,
          null,
          1,
          1,
          1,
          1,
          null,
          null,
          1,
          1,
          1,
          1,
          null,
          null,
          1,
          2,
          null,
          1,
          1,
          1,
          1,
          1,
          null,
          null,
          null,
          1,
          2,
          null,
          1,
          1,
          1,
          1,
          1,
          1,
          null,
          null,
          null,
          null,
          1,
          3,
          null,
          3,
          null,
          1,
          2,
          2,
          2,
          2,
          2,
          null,
          null,
          1,
          1,
          null,
          null,
          1,
          1,
          null,
          null,
          null
        ]
      },
      "/Users/mattanderson/Desktop/repos/ruby/chess/spec/pieces_spec/piece_spec.rb": {
        "lines": [
          null,
          null,
          1,
          null,
          1,
          1,
          3,
          null,
          1,
          1,
          1,
          null,
          null,
          1,
          1,
          1,
          null,
          null,
          null,
          1,
          3,
          null,
          1,
          1,
          1,
          null,
          null,
          1,
          1,
          1,
          null,
          null,
          null,
          1,
          7,
          null,
          1,
          5,
          null,
          1,
          4,
          null,
          null,
          1,
          1,
          null,
          null,
          1,
          1,
          null,
          null,
          1,
          1,
          null,
          null,
          1,
          2,
          null,
          null,
          null,
          1,
          3,
          null,
          3,
          null,
          1,
          2,
          2,
          null,
          null,
          1,
          1,
          null,
          null,
          1,
          1,
          null,
          null,
          null,
          null
        ]
      },
      "/Users/mattanderson/Desktop/repos/ruby/chess/spec/pieces_spec/queen_spec.rb": {
        "lines": [
          null,
          null,
          1,
          null,
          1,
          7,
          null,
          1,
          1,
          3,
          3,
          null,
          1,
          2,
          2,
          2,
          2,
          2,
          null,
          null,
          1,
          1,
          null,
          null,
          null,
          null,
          null,
          null,
          1,
          1,
          null,
          null,
          null,
          null,
          null,
          null,
          null,
          1,
          4,
          null,
          1,
          3,
          3,
          3,
          3,
          3,
          3,
          3,
          null,
          null,
          1,
          1,
          null,
          null,
          1,
          1,
          null,
          null,
          1,
          1,
          null,
          null,
          null,
          1,
          2,
          null,
          1,
          1,
          1,
          1,
          1,
          1,
          null,
          null,
          null,
          null
        ]
      },
      "/Users/mattanderson/Desktop/repos/ruby/chess/spec/pieces_spec/rook_spec.rb": {
        "lines": [
          null,
          null,
          1,
          null,
          1,
          1,
          8,
          null,
          1,
          2,
          2,
          null,
          1,
          2,
          2,
          2,
          null,
          null,
          1,
          1,
          1,
          null,
          null,
          null,
          null,
          null,
          1,
          1,
          1,
          null,
          null,
          null,
          null,
          null,
          null,
          1,
          4,
          null,
          1,
          3,
          3,
          3,
          3,
          3,
          null,
          null,
          1,
          1,
          null,
          null,
          1,
          1,
          null,
          null,
          1,
          1,
          null,
          null,
          null,
          1,
          2,
          null,
          1,
          1,
          1,
          1,
          null,
          null,
          1,
          1,
          null,
          null,
          null,
          1,
          2,
          null,
          1,
          1,
          1,
          1,
          1,
          1,
          null,
          null,
          null,
          null
        ]
      },
      "/Users/mattanderson/Desktop/repos/ruby/chess/spec/square_spec.rb": {
        "lines": [
          null,
          null,
          1,
          null,
          1,
          11,
          null,
          1,
          1,
          1,
          null,
          null,
          null,
          null,
          1,
          1,
          null,
          null,
          null,
          null,
          1,
          1,
          null,
          null,
          1,
          1,
          null,
          null,
          null,
          null,
          null,
          1,
          1,
          1,
          null,
          null,
          null,
          null,
          1,
          1,
          null,
          null,
          null,
          null,
          1,
          1,
          null,
          null,
          null,
          null,
          1,
          1,
          null,
          null,
          null,
          null,
          null,
          1,
          1,
          1,
          null,
          null,
          null,
          null,
          null,
          1,
          1,
          1,
          null,
          null,
          null,
          null,
          null
        ]
      }
    },
    "timestamp": 1664905048
  }
}
